RingCrush/app/build/outputs/logs/manifest-merger-debug-report.txt
-- Merging decision tree log ---
manifest
ADDED from src\main\AndroidManifest.xml:2:1-21:12
	xmlns:android
		ADDED from src\main\AndroidManifest.xml:2:11-69
	package
		ADDED from src\main\AndroidManifest.xml:3:5-42
		INJECTED from src\main\AndroidManifest.xml
		INJECTED from src\main\AndroidManifest.xml
	android:versionName
		INJECTED from src\main\AndroidManifest.xml
		INJECTED from src\main\AndroidManifest.xml
	android:versionCode
		INJECTED from src\main\AndroidManifest.xml
		INJECTED from src\main\AndroidManifest.xml
application
ADDED from src\main\AndroidManifest.xml:5:5-19:19
MERGED from [com.android.support:appcompat-v7:24.0.0] AndroidManifest.xml:25:5-20
MERGED from [com.android.support:support-v4:24.0.0] AndroidManifest.xml:25:5-20
MERGED from [com.android.support:support-vector-drawable:24.0.0] AndroidManifest.xml:23:5-20
MERGED from [com.android.support:support-v4:24.0.0] AndroidManifest.xml:25:5-20
MERGED from [com.android.support:animated-vector-drawable:24.0.0] AndroidManifest.xml:22:5-20
MERGED from [com.android.support:support-vector-drawable:24.0.0] AndroidManifest.xml:23:5-20
MERGED from [com.android.support:support-v4:24.0.0] AndroidManifest.xml:25:5-20
	android:supportsRtl
		ADDED from src\main\AndroidManifest.xml:9:9-35
	android:label
		ADDED from src\main\AndroidManifest.xml:8:9-41
	android:allowBackup
		ADDED from src\main\AndroidManifest.xml:6:9-35
	android:icon
		ADDED from src\main\AndroidManifest.xml:7:9-43
	android:theme
		ADDED from src\main\AndroidManifest.xml:10:9-40
activity#com.example.jorge.ringcrush.MainActivity
ADDED from src\main\AndroidManifest.xml:11:9-18:20
	android:name
		ADDED from src\main\AndroidManifest.xml:11:19-47
intent-filter#android.intent.action.MAIN+android.intent.action.SEND+android.intent.category.DEFAULT+android.intent.category.LAUNCHER
ADDED from src\main\AndroidManifest.xml:12:13-17:29
action#android.intent.action.MAIN
ADDED from src\main\AndroidManifest.xml:13:17-69
	android:name
		ADDED from src\main\AndroidManifest.xml:13:25-66
category#android.intent.category.LAUNCHER
ADDED from src\main\AndroidManifest.xml:14:17-77
	android:name
		ADDED from src\main\AndroidManifest.xml:14:27-74
action#android.intent.action.SEND
ADDED from src\main\AndroidManifest.xml:15:17-68
	android:name
		ADDED from src\main\AndroidManifest.xml:15:25-66
category#android.intent.category.DEFAULT
ADDED from src\main\AndroidManifest.xml:16:17-75
	android:name
		ADDED from src\main\AndroidManifest.xml:16:27-73
uses-sdk
INJECTED from src\main\AndroidManifest.xml reason: use-sdk injection requested
MERGED from [com.android.support:appcompat-v7:24.0.0] AndroidManifest.xml:21:5-23:78
MERGED from [com.android.support:support-v4:24.0.0] AndroidManifest.xml:21:5-23:54
MERGED from [com.android.support:support-vector-drawable:24.0.0] AndroidManifest.xml:21:5-43
MERGED from [com.android.support:support-v4:24.0.0] AndroidManifest.xml:21:5-23:54
MERGED from [com.android.support:animated-vector-drawable:24.0.0] AndroidManifest.xml:20:5-44
MERGED from [com.android.support:support-vector-drawable:24.0.0] AndroidManifest.xml:21:5-43
MERGED from [com.android.support:support-v4:24.0.0] AndroidManifest.xml:21:5-23:54
	android:targetSdkVersion
		INJECTED from src\main\AndroidManifest.xml
		INJECTED from src\main\AndroidManifest.xml
	android:minSdkVersion
		INJECTED from src\main\AndroidManifest.xml
		INJECTED from src\main\AndroidManifest.xml
	tools:overrideLibrary
		ADDED from [com.android.support:appcompat-v7:24.0.0] AndroidManifest.xml:23:9-75